Сборка начата 05.11.2024 8:56:25.
Уровень детализации журнала: Normal.     1>Проект "C:\labs\ПСП\lab2\ClientT\ClientT\ClientT.vcxproj" в узле 2 (целевые объекты Build).
     1>InitializeBuildStatus:
         Создание "x64\Debug\ClientT.tlog\unsuccessfulbuild", так как было задано "AlwaysCreate".
       ClCompile:
         C:\vs ))))))))))\VC\Tools\MSVC\14.33.31629\bin\HostX64\x64\CL.exe /c /ZI /JMC /nologo /W3 /WX- /diagnostics:column /sdl /Od /D _DEBUG /D _CONSOLE /D _UNICODE /D UNICODE /Gm- /EHsc /RTC1 /MDd /GS /fp:precise /Zc:wchar_t /Zc:forScope /Zc:inline /permissive- /Fo"x64\Debug\\" /Fd"x64\Debug\vc143.pdb" /external:W3 /Gd /TP /FC /errorReport:prompt ClientT.cpp
         ClientT.cpp
     1>C:\labs\ПСП\lab2\ClientT\ClientT\ClientT.cpp(46,16): warning C4267: аргумент: преобразование из "size_t" в "int"; возможна потеря данных
     1>C:\labs\ПСП\lab2\ClientT\ClientT\ClientT.cpp(31,13): warning C4101: obuf: неиспользованная локальная переменная
     1>C:\labs\ПСП\lab2\ClientT\ClientT\ClientT.cpp(30,14): warning C4101: ibuf: неиспользованная локальная переменная
       Link:
         C:\vs ))))))))))\VC\Tools\MSVC\14.33.31629\bin\HostX64\x64\link.exe /ERRORREPORT:PROMPT /OUT:"C:\labs\ПСП\lab2\ClientT\x64\Debug\ClientT.exe" /INCREMENTAL /ILK:"x64\Debug\ClientT.ilk" /NOLOGO kernel32.lib user32.lib gdi32.lib winspool.lib comdlg32.lib advapi32.lib shell32.lib ole32.lib oleaut32.lib uuid.lib odbc32.lib odbccp32.lib /MANIFEST /MANIFESTUAC:"level='asInvoker' uiAccess='false'" /manifest:embed /DEBUG /PDB:"C:\labs\ПСП\lab2\ClientT\x64\Debug\ClientT.pdb" /SUBSYSTEM:CONSOLE /TLBID:1 /DYNAMICBASE /NXCOMPAT /IMPLIB:"C:\labs\ПСП\lab2\ClientT\x64\Debug\ClientT.lib" /MACHINE:X64 x64\Debug\ClientT.obj
         ClientT.vcxproj -> C:\labs\ПСП\lab2\ClientT\x64\Debug\ClientT.exe
       FinalizeBuildStatus:
         Файл "x64\Debug\ClientT.tlog\unsuccessfulbuild" удаляется.
         Обращение к "x64\Debug\ClientT.tlog\ClientT.lastbuildstate".
     1>Сборка проекта "C:\labs\ПСП\lab2\ClientT\ClientT\ClientT.vcxproj" завершена (целевые объекты Build).

Сборка успешно завершена.

       "C:\labs\ПСП\lab2\ClientT\ClientT\ClientT.vcxproj" (целевой объект Build ) (1) ->
       (Целевой объект ClCompile) -> 
         C:\labs\ПСП\lab2\ClientT\ClientT\ClientT.cpp(46,16): warning C4267: аргумент: преобразование из "size_t" в "int"; возможна потеря данных
         C:\labs\ПСП\lab2\ClientT\ClientT\ClientT.cpp(31,13): warning C4101: obuf: неиспользованная локальная переменная
         C:\labs\ПСП\lab2\ClientT\ClientT\ClientT.cpp(30,14): warning C4101: ibuf: неиспользованная локальная переменная

    Предупреждений: 3
    Ошибок: 0

Прошло времени 00:00:01.67
