Сборка начата 21.10.2024 21:05:28.
Уровень детализации журнала: Normal.     1>Проект "C:\labs\ПСП\lab2\ServerT\ServerT\ServerT.vcxproj" в узле 2 (целевые объекты Build).
     1>InitializeBuildStatus:
         Создание "x64\Debug\ServerT.tlog\unsuccessfulbuild", так как было задано "AlwaysCreate".
       ClCompile:
         C:\vs ))))))))))\VC\Tools\MSVC\14.33.31629\bin\HostX64\x64\CL.exe /c /ZI /JMC /nologo /W3 /WX- /diagnostics:column /sdl /Od /D _DEBUG /D _CONSOLE /D _UNICODE /D UNICODE /Gm- /EHsc /RTC1 /MDd /GS /fp:precise /Zc:wchar_t /Zc:forScope /Zc:inline /permissive- /Fo"x64\Debug\\" /Fd"x64\Debug\vc143.pdb" /external:W3 /Gd /TP /FC /errorReport:prompt ServerT.cpp
         ServerT.cpp
     1>C:\labs\ПСП\lab2\ServerT\ServerT\ServerT.cpp(65,20): warning C4267: аргумент: преобразование из "size_t" в "int"; возможна потеря данных
     1>C:\labs\ПСП\lab2\ServerT\ServerT\ServerT.cpp(50,17): warning C4101: obuf: неиспользованная локальная переменная
       Link:
         C:\vs ))))))))))\VC\Tools\MSVC\14.33.31629\bin\HostX64\x64\link.exe /ERRORREPORT:PROMPT /OUT:"C:\labs\ПСП\lab2\ServerT\x64\Debug\ServerT.exe" /INCREMENTAL /ILK:"x64\Debug\ServerT.ilk" /NOLOGO kernel32.lib user32.lib gdi32.lib winspool.lib comdlg32.lib advapi32.lib shell32.lib ole32.lib oleaut32.lib uuid.lib odbc32.lib odbccp32.lib /MANIFEST /MANIFESTUAC:"level='asInvoker' uiAccess='false'" /manifest:embed /DEBUG /PDB:"C:\labs\ПСП\lab2\ServerT\x64\Debug\ServerT.pdb" /SUBSYSTEM:CONSOLE /TLBID:1 /DYNAMICBASE /NXCOMPAT /IMPLIB:"C:\labs\ПСП\lab2\ServerT\x64\Debug\ServerT.lib" /MACHINE:X64 x64\Debug\ServerT.obj
         ServerT.vcxproj -> C:\labs\ПСП\lab2\ServerT\x64\Debug\ServerT.exe
       FinalizeBuildStatus:
         Файл "x64\Debug\ServerT.tlog\unsuccessfulbuild" удаляется.
         Обращение к "x64\Debug\ServerT.tlog\ServerT.lastbuildstate".
     1>Сборка проекта "C:\labs\ПСП\lab2\ServerT\ServerT\ServerT.vcxproj" завершена (целевые объекты Build).

Сборка успешно завершена.

       "C:\labs\ПСП\lab2\ServerT\ServerT\ServerT.vcxproj" (целевой объект Build ) (1) ->
       (Целевой объект ClCompile) -> 
         C:\labs\ПСП\lab2\ServerT\ServerT\ServerT.cpp(65,20): warning C4267: аргумент: преобразование из "size_t" в "int"; возможна потеря данных
         C:\labs\ПСП\lab2\ServerT\ServerT\ServerT.cpp(50,17): warning C4101: obuf: неиспользованная локальная переменная

    Предупреждений: 2
    Ошибок: 0

Прошло времени 00:00:01.49
